<?xml version="1.0" encoding="UTF-8"?>
<testng-results ignored="0" total="1" passed="1" failed="0" skipped="0">
  <reporter-output>
  </reporter-output>
  <suite started-at="2025-01-06T05:37:28 UTC" name="Surefire suite" finished-at="2025-01-06T05:37:32 UTC" duration-ms="4591">
    <groups>
    </groups>
    <test started-at="2025-01-06T05:37:28 UTC" name="Surefire test" finished-at="2025-01-06T05:37:32 UTC" duration-ms="4591">
      <class name="com.example.TestBigSmall">
        <test-method is-config="true" signature="onSetup()[pri:0, instance:com.example.TestBigSmall@78a2da20]" started-at="2025-01-06T05:37:28 UTC" name="onSetup" finished-at="2025-01-06T05:37:31 UTC" duration-ms="3263" status="PASS">
          <reporter-output>
          </reporter-output>
        </test-method> <!-- onSetup -->
        <test-method signature="TestBigsmall()[pri:0, instance:com.example.TestBigSmall@78a2da20]" started-at="2025-01-06T05:37:31 UTC" name="TestBigsmall" finished-at="2025-01-06T05:37:32 UTC" duration-ms="1162" status="PASS">
          <reporter-output>
          </reporter-output>
        </test-method> <!-- TestBigsmall -->
        <test-method is-config="true" signature="close()[pri:0, instance:com.example.TestBigSmall@78a2da20]" started-at="2025-01-06T05:37:32 UTC" name="close" finished-at="2025-01-06T05:37:32 UTC" duration-ms="141" status="PASS">
          <reporter-output>
          </reporter-output>
        </test-method> <!-- close -->
      </class> <!-- com.example.TestBigSmall -->
    </test> <!-- Surefire test -->
  </suite> <!-- Surefire suite -->
</testng-results>
