<?xml version="1.0" encoding="UTF-8"?>
<testng-results ignored="0" total="0" passed="0" failed="0" skipped="0">
  <reporter-output>
  </reporter-output>
  <suite started-at="2025-01-06T04:10:07 UTC" name="Surefire suite" finished-at="2025-01-06T04:10:08 UTC" duration-ms="904">
    <groups>
    </groups>
    <test started-at="2025-01-06T04:10:07 UTC" name="Surefire test" finished-at="2025-01-06T04:10:08 UTC" duration-ms="904">
      <class name="com.example.TestHybrid">
        <test-method is-config="true" signature="tearDown()[pri:0, instance:com.example.TestHybrid@2b546384]" started-at="2025-01-06T04:10:08 UTC" name="tearDown" finished-at="2025-01-06T04:10:08 UTC" duration-ms="5" status="PASS">
          <reporter-output>
          </reporter-output>
        </test-method> <!-- tearDown -->
      </class> <!-- com.example.TestHybrid -->
    </test> <!-- Surefire test -->
  </suite> <!-- Surefire suite -->
</testng-results>
