<?xml version="1.0" encoding="UTF-8"?>
<testsuite xmlns:xsi="http://www.w3.org/2001/XMLSchema-instance" xsi:noNamespaceSchemaLocation="https://maven.apache.org/surefire/maven-surefire-plugin/xsd/surefire-test-report.xsd" name="com.example.TestHybrid" time="0.906" tests="2" errors="0" skipped="0" failures="2">
  <properties>
[...]
</properties>
  <testcase name="testHotel" classname="com.example.TestHybrid" time="0.589">
    <failure message="java.lang.NoClassDefFoundError: org/apache/poi/util/POILogFactory" type="java.lang.RuntimeException">java.lang.RuntimeException: java.lang.NoClassDefFoundError: org/apache/poi/util/POILogFactory
	at com.example.TestHybrid.setExcelFile(TestHybrid.java:80)
	at com.example.TestHybrid.readData(TestHybrid.java:50)
Caused by: java.lang.ClassNotFoundException: org.apache.poi.util.POILogFactory
	at com.example.TestHybrid.setExcelFile(TestHybrid.java:80)
	at com.example.TestHybrid.readData(TestHybrid.java:50)
</failure>
    <system-err><![CDATA[SLF4J: Failed to load class "org.slf4j.impl.StaticLoggerBinder".
SLF4J: Defaulting to no-operation (NOP) logger implementation
SLF4J: See http://www.slf4j.org/codes.html#StaticLoggerBinder for further details.
]]></system-err>
  </testcase>
  <testcase name="tearDown" classname="com.example.TestHybrid" time="0.598">
    <failure message="Cannot invoke &quot;org.openqa.selenium.WebDriver.quit()&quot; because &quot;com.example.TestHybrid.driver&quot; is null" type="java.lang.NullPointerException">java.lang.NullPointerException: Cannot invoke "org.openqa.selenium.WebDriver.quit()" because "com.example.TestHybrid.driver" is null
	at com.example.TestHybrid.tearDown(TestHybrid.java:69)
</failure>
  </testcase>
</testsuite>