<?xml version="1.0" encoding="UTF-8"?>
<!-- Generated by org.testng.reporters.JUnitXMLReporter -->
<testsuite ignored="0" hostname="cefadeeaee321861343beebacfadacfctwo-0" failures="1" tests="1" name="Surefire test" time="0.101" errors="0" timestamp="2025-01-05T08:31:29 UTC">
  <testcase classname="com.example.TestHybrid" name="@AfterTest tearDown" time="0.007">
    <failure type="java.lang.NullPointerException" message="Cannot invoke &amp;quot;org.openqa.selenium.WebDriver.quit()&amp;quot; because &amp;quot;com.example.TestHybrid.driver&amp;quot; is null">
      <![CDATA[java.lang.NullPointerException: Cannot invoke "org.openqa.selenium.WebDriver.quit()" because "com.example.TestHybrid.driver" is null
at com.example.TestHybrid.tearDown(TestHybrid.java:69)
... Removed 29 stack frames]]>
    </failure>
  </testcase> <!-- @AfterTest tearDown -->
  <testcase classname="com.example.TestHybrid" name="testHotel" time="0.0">
    <failure type="java.lang.RuntimeException" message="java.lang.NoClassDefFoundError: org/apache/poi/util/POILogFactory">
      <![CDATA[java.lang.RuntimeException: java.lang.NoClassDefFoundError: org/apache/poi/util/POILogFactory
at java.base/java.util.ArrayList.forEach(ArrayList.java:1511)
Caused by: java.lang.NoClassDefFoundError: org/apache/poi/util/POILogFactory
at org.apache.poi.ooxml.POIXMLDocumentPart.<clinit>(POIXMLDocumentPart.java:54)
at com.example.TestHybrid.setExcelFile(TestHybrid.java:80)
at com.example.TestHybrid.readData(TestHybrid.java:50)
... 30 more
Caused by: java.lang.ClassNotFoundException: org.apache.poi.util.POILogFactory
at java.base/jdk.internal.loader.BuiltinClassLoader.loadClass(BuiltinClassLoader.java:641)
at java.base/jdk.internal.loader.ClassLoaders$AppClassLoader.loadClass(ClassLoaders.java:188)
at java.base/java.lang.ClassLoader.loadClass(ClassLoader.java:525)
... 40 more
... Removed 37 stack frames]]>
    </failure>
  </testcase> <!-- testHotel -->
</testsuite> <!-- Surefire test -->
