<?xml version="1.0" encoding="UTF-8"?>
<!-- Generated by org.testng.reporters.JUnitXMLReporter -->
<testsuite ignored="0" hostname="cefadeeaee321861343beebacfadacfctwo-0" failures="1" tests="1" name="Surefire test" time="9.682" errors="0" timestamp="2025-01-04T05:12:09 UTC">
  <testcase classname="com.example.TestExcel" name="TestReadExcel" time="0.012">
    <failure type="java.lang.NoClassDefFoundError" message="org/apache/poi/util/POILogFactory">
      <![CDATA[java.lang.NoClassDefFoundError: org/apache/poi/util/POILogFactory
at org.apache.poi.ooxml.POIXMLDocumentPart.<clinit>(POIXMLDocumentPart.java:54)
at com.example.TestExcel.TestReadExcel(TestExcel.java:40)
at java.base/java.util.ArrayList.forEach(ArrayList.java:1511)
Caused by: java.lang.ClassNotFoundException: org.apache.poi.util.POILogFactory
at java.base/jdk.internal.loader.BuiltinClassLoader.loadClass(BuiltinClassLoader.java:641)
at java.base/jdk.internal.loader.ClassLoaders$AppClassLoader.loadClass(ClassLoaders.java:188)
at java.base/java.lang.ClassLoader.loadClass(ClassLoader.java:525)
... 35 more
... Removed 32 stack frames]]>
    </failure>
  </testcase> <!-- TestReadExcel -->
</testsuite> <!-- Surefire test -->
